This is pdfTeX, Version 3.141592653-2.6-1.40.24 (MiKTeX 22.10) (preloaded format=pdflatex 2023.1.1)  1 JAN 2023 20:26
entering extended mode
 restricted \write18 enabled.
 file:line:error style messages enabled.
 %&-line parsing enabled.
**./in-vivo-imaging-pipeline.tex
(in-vivo-imaging-pipeline.tex
LaTeX2e <2022-06-01> patch level 5
L3 programming layer <2022-09-28> (sphinxmanual.cls
Document Class: sphinxmanual 2019/12/01 v2.3.0 Document class (Sphinx manual)
(C:\Users\YUSTE\AppData\Local\Programs\MiKTeX\tex/latex/base\report.cls
Document Class: report 2021/10/04 v1.4n Standard LaTeX document class
(C:\Users\YUSTE\AppData\Local\Programs\MiKTeX\tex/latex/base\size10.clo
File: size10.clo 2021/10/04 v1.4n Standard LaTeX file (size option)
)
\c@part=\count185
\c@chapter=\count186
\c@section=\count187
\c@subsection=\count188
\c@subsubsection=\count189
\c@paragraph=\count190
\c@subparagraph=\count191
\c@figure=\count192
\c@table=\count193
\abovecaptionskip=\skip47
\belowcaptionskip=\skip48
\bibindent=\dimen138
)
LaTeX Info: Redefining \and on input line 35.
)
(C:\Users\YUSTE\AppData\Local\Programs\MiKTeX\tex/latex/base\inputenc.sty
Package: inputenc 2021/02/14 v1.3d Input encoding file
\inpenc@prehook=\toks16
\inpenc@posthook=\toks17
)
   defining Unicode char U+00A0 (decimal 160)
   defining Unicode char U+2500 (decimal 9472)
   defining Unicode char U+2502 (decimal 9474)
   defining Unicode char U+2514 (decimal 9492)
   defining Unicode char U+251C (decimal 9500)
   defining Unicode char U+2572 (decimal 9586)

(C:\Users\YUSTE\AppData\Local\Programs\MiKTeX\tex/latex/cmap\cmap.sty
Package: cmap 2021/02/06 v1.0j CMap support: searchable PDF
)
(C:\Users\YUSTE\AppData\Local\Programs\MiKTeX\tex/latex/base\fontenc.sty
Package: fontenc 2021/04/29 v2.0v Standard LaTeX package
<<t1.cmap>>)
(C:\Users\YUSTE\AppData\Local\Programs\MiKTeX\tex/latex/amsmath\amsmath.sty
Package: amsmath 2022/04/08 v2.17n AMS math features
\@mathmargin=\skip49

For additional information on amsmath, use the `?' option.
(C:\Users\YUSTE\AppData\Local\Programs\MiKTeX\tex/latex/amsmath\amstext.sty
Package: amstext 2021/08/26 v2.01 AMS text

(C:\Users\YUSTE\AppData\Local\Programs\MiKTeX\tex/latex/amsmath\amsgen.sty
File: amsgen.sty 1999/11/30 v2.0 generic functions
\@emptytoks=\toks18
\ex@=\dimen139
))
(C:\Users\YUSTE\AppData\Local\Programs\MiKTeX\tex/latex/amsmath\amsbsy.sty
Package: amsbsy 1999/11/29 v1.2d Bold Symbols
\pmbraise@=\dimen140
)
(C:\Users\YUSTE\AppData\Local\Programs\MiKTeX\tex/latex/amsmath\amsopn.sty
Package: amsopn 2022/04/08 v2.04 operator names
)
\inf@bad=\count194
LaTeX Info: Redefining \frac on input line 234.
\uproot@=\count195
\leftroot@=\count196
LaTeX Info: Redefining \overline on input line 399.
LaTeX Info: Redefining \colon on input line 410.
\classnum@=\count197
\DOTSCASE@=\count198
LaTeX Info: Redefining \ldots on input line 496.
LaTeX Info: Redefining \dots on input line 499.
LaTeX Info: Redefining \cdots on input line 620.
\Mathstrutbox@=\box51
\strutbox@=\box52
LaTeX Info: Redefining \big on input line 722.
LaTeX Info: Redefining \Big on input line 723.
LaTeX Info: Redefining \bigg on input line 724.
LaTeX Info: Redefining \Bigg on input line 725.
\big@size=\dimen141
LaTeX Font Info:    Redeclaring font encoding OML on input line 743.
LaTeX Font Info:    Redeclaring font encoding OMS on input line 744.
\macc@depth=\count199
LaTeX Info: Redefining \bmod on input line 905.
LaTeX Info: Redefining \pmod on input line 910.
LaTeX Info: Redefining \smash on input line 940.
LaTeX Info: Redefining \relbar on input line 970.
LaTeX Info: Redefining \Relbar on input line 971.
\c@MaxMatrixCols=\count266
\dotsspace@=\muskip16
\c@parentequation=\count267
\dspbrk@lvl=\count268
\tag@help=\toks19
\row@=\count269
\column@=\count270
\maxfields@=\count271
\andhelp@=\toks20
\eqnshift@=\dimen142
\alignsep@=\dimen143
\tagshift@=\dimen144
\tagwidth@=\dimen145
\totwidth@=\dimen146
\lineht@=\dimen147
\@envbody=\toks21
\multlinegap=\skip50
\multlinetaggap=\skip51
\mathdisplay@stack=\toks22
LaTeX Info: Redefining \[ on input line 2953.
LaTeX Info: Redefining \] on input line 2954.
)
(C:\Users\YUSTE\AppData\Local\Programs\MiKTeX\tex/latex/amsfonts\amssymb.sty
Package: amssymb 2013/01/14 v3.01 AMS font symbols

(C:\Users\YUSTE\AppData\Local\Programs\MiKTeX\tex/latex/amsfonts\amsfonts.sty
Package: amsfonts 2013/01/14 v3.01 Basic AMSFonts support
\symAMSa=\mathgroup4
\symAMSb=\mathgroup5
LaTeX Font Info:    Redeclaring math symbol \hbar on input line 98.
LaTeX Font Info:    Overwriting math alphabet `\mathfrak' in version `bold'
(Font)                  U/euf/m/n --> U/euf/b/n on input line 106.
)) (C:\Users\YUSTE\AppData\Local\Programs\MiKTeX\tex/generic/babel\babel.sty
Package: babel 2022/10/04 3.81 The Babel package
\babel@savecnt=\count272
\U@D=\dimen148
\l@unhyphenated=\language79

(C:\Users\YUSTE\AppData\Local\Programs\MiKTeX\tex/generic/babel\txtbabel.def)
\bbl@readstream=\read2
\bbl@dirlevel=\count273

*************************************
* Local config file bblopts.cfg used
*
(C:\Users\YUSTE\AppData\Local\Programs\MiKTeX\tex/latex/arabi\bblopts.cfg
File: bblopts.cfg 2005/09/08 v0.1 add Arabic and Farsi to "declared" options of
 babel
)
(C:\Users\YUSTE\AppData\Local\Programs\MiKTeX\tex/latex/babel-english\english.l
df
Language: english 2017/06/06 v3.3r English support from the babel system
Package babel Info: Hyphen rules for 'canadian' set to \l@english
(babel)             (\language0). Reported on input line 102.
Package babel Info: Hyphen rules for 'australian' set to \l@ukenglish
(babel)             (\language73). Reported on input line 105.
Package babel Info: Hyphen rules for 'newzealand' set to \l@ukenglish
(babel)             (\language73). Reported on input line 108.
))
(C:\Users\YUSTE\AppData\Local\Programs\MiKTeX\tex/generic/babel/locale/en\babel
-english.tex
Package babel Info: Importing font and identification data for english
(babel)             from babel-en.ini. Reported on input line 11.
)
(C:\Users\YUSTE\AppData\Local\Programs\MiKTeX\tex/latex/tex-gyre\tgtermes.sty
Package: tgtermes 2009/09/27 v1.2 TeX Gyre Termes as default roman family

(C:\Users\YUSTE\AppData\Local\Programs\MiKTeX\tex/latex/kvoptions\kvoptions.sty
Package: kvoptions 2022-06-15 v3.15 Key value format for package options (HO)
(C:\Users\YUSTE\AppData\Local\Programs\MiKTeX\tex/latex/graphics\keyval.sty
Package: keyval 2022/05/29 v1.15 key=value parser (DPC)
\KV@toks@=\toks23
)
(C:\Users\YUSTE\AppData\Local\Programs\MiKTeX\tex/generic/ltxcmds\ltxcmds.sty
Package: ltxcmds 2020-05-10 v1.25 LaTeX kernel commands for general use (HO)
)
(C:\Users\YUSTE\AppData\Local\Programs\MiKTeX\tex/latex/kvsetkeys\kvsetkeys.sty
Package: kvsetkeys 2022-10-05 v1.19 Key value parser (HO)
)))
(C:\Users\YUSTE\AppData\Local\Programs\MiKTeX\tex/latex/tex-gyre\tgheros.sty
Package: tgheros 2009/09/27 v1.2 TeX Gyre Heros as default sans serif family
)
(C:\Users\YUSTE\AppData\Local\Programs\MiKTeX\tex/latex/fncychap\fncychap.sty
Package: fncychap 2007/07/30 v1.34 LaTeX package (Revised chapters)
\RW=\skip52
\mylen=\skip53
\myhi=\skip54
\px=\skip55
\py=\skip56
\pyy=\skip57
\pxx=\skip58
\c@AlphaCnt=\count274
\c@AlphaDecCnt=\count275
)
(sphinx.sty
Package: sphinx 2022/06/30 v5.1.0 LaTeX package (Sphinx markup)

(C:\Users\YUSTE\AppData\Local\Programs\MiKTeX\tex/latex/xcolor\xcolor.sty
Package: xcolor 2022/06/12 v2.14 LaTeX color extensions (UK)

(C:\Users\YUSTE\AppData\Local\Programs\MiKTeX\tex/latex/graphics-cfg\color.cfg
File: color.cfg 2016/01/02 v1.6 sample color configuration
)
Package xcolor Info: Driver file: pdftex.def on input line 227.

(C:\Users\YUSTE\AppData\Local\Programs\MiKTeX\tex/latex/graphics-def\pdftex.def
File: pdftex.def 2022/09/22 v1.2b Graphics/color driver for pdftex
\stockwidth=\dimen149
\stockheight=\dimen150
)
(C:\Users\YUSTE\AppData\Local\Programs\MiKTeX\tex/latex/graphics\mathcolor.ltx)
Package xcolor Info: Model `cmy' substituted by `cmy0' on input line 1353.
Package xcolor Info: Model `hsb' substituted by `rgb' on input line 1357.
Package xcolor Info: Model `RGB' extended on input line 1369.
Package xcolor Info: Model `HTML' substituted by `rgb' on input line 1371.
Package xcolor Info: Model `Hsb' substituted by `hsb' on input line 1372.
Package xcolor Info: Model `tHsb' substituted by `hsb' on input line 1373.
Package xcolor Info: Model `HSB' substituted by `hsb' on input line 1374.
Package xcolor Info: Model `Gray' substituted by `gray' on input line 1375.
Package xcolor Info: Model `wave' substituted by `hsb' on input line 1376.
)
\sphinxverbatimsep=\dimen151
\sphinxverbatimborder=\dimen152
\sphinxshadowsep=\dimen153
\sphinxshadowsize=\dimen154
\sphinxshadowrule=\dimen155
\spx@notice@border=\dimen156
 (sphinxoptionshyperref.sty
File: sphinxoptionshyperref.sty 2021/01/27 hyperref
) (sphinxoptionsgeometry.sty
File: sphinxoptionsgeometry.sty 2021/01/27 geometry
)
(C:\Users\YUSTE\AppData\Local\Programs\MiKTeX\tex/latex/base\textcomp.sty
Package: textcomp 2020/02/02 v2.0n Standard LaTeX package
)
(C:\Users\YUSTE\AppData\Local\Programs\MiKTeX\tex/latex/float\float.sty
Package: float 2001/11/08 v1.3d Float enhancements (AL)
\c@float@type=\count276
\float@exts=\toks24
\float@box=\box53
\@float@everytoks=\toks25
\@floatcapt=\box54
)
(C:\Users\YUSTE\AppData\Local\Programs\MiKTeX\tex/latex/wrapfig\wrapfig.sty
\wrapoverhang=\dimen157
\WF@size=\dimen158
\c@WF@wrappedlines=\count277
\WF@box=\box55
\WF@everypar=\toks26
Package: wrapfig 2003/01/31  v 3.6
)
(C:\Users\YUSTE\AppData\Local\Programs\MiKTeX\tex/latex/capt-of\capt-of.sty
Package: capt-of 2009/12/29 v0.2 standard captions outside of floats
)
(C:\Users\YUSTE\AppData\Local\Programs\MiKTeX\tex/latex/tools\multicol.sty
Package: multicol 2021/11/30 v1.9d multicolumn formatting (FMi)
\c@tracingmulticols=\count278
\mult@box=\box56
\multicol@leftmargin=\dimen159
\c@unbalance=\count279
\c@collectmore=\count280
\doublecol@number=\count281
\multicoltolerance=\count282
\multicolpretolerance=\count283
\full@width=\dimen160
\page@free=\dimen161
\premulticols=\dimen162
\postmulticols=\dimen163
\multicolsep=\skip59
\multicolbaselineskip=\skip60
\partial@page=\box57
\last@line=\box58
\maxbalancingoverflow=\dimen164
\mult@rightbox=\box59
\mult@grightbox=\box60
\mult@firstbox=\box61
\mult@gfirstbox=\box62
\@tempa=\box63
\@tempa=\box64
\@tempa=\box65
\@tempa=\box66
\@tempa=\box67
\@tempa=\box68
\@tempa=\box69
\@tempa=\box70
\@tempa=\box71
\@tempa=\box72
\@tempa=\box73
\@tempa=\box74
\@tempa=\box75
\@tempa=\box76
\@tempa=\box77
\@tempa=\box78
\@tempa=\box79
\@tempa=\box80
\@tempa=\box81
\@tempa=\box82
\@tempa=\box83
\@tempa=\box84
\@tempa=\box85
\@tempa=\box86
\@tempa=\box87
\@tempa=\box88
\@tempa=\box89
\@tempa=\box90
\@tempa=\box91
\@tempa=\box92
\@tempa=\box93
\@tempa=\box94
\@tempa=\box95
\@tempa=\box96
\@tempa=\box97
\@tempa=\box98
\c@minrows=\count284
\c@columnbadness=\count285
\c@finalcolumnbadness=\count286
\last@try=\dimen165
\multicolovershoot=\dimen166
\multicolundershoot=\dimen167
\mult@nat@firstbox=\box99
\colbreak@box=\box100
\mc@col@check@num=\count287
)
(C:\Users\YUSTE\AppData\Local\Programs\MiKTeX\tex/latex/graphics\graphicx.sty
Package: graphicx 2021/09/16 v1.2d Enhanced LaTeX Graphics (DPC,SPQR)

(C:\Users\YUSTE\AppData\Local\Programs\MiKTeX\tex/latex/graphics\graphics.sty
Package: graphics 2022/03/10 v1.4e Standard LaTeX Graphics (DPC,SPQR)

(C:\Users\YUSTE\AppData\Local\Programs\MiKTeX\tex/latex/graphics\trig.sty
Package: trig 2021/08/11 v1.11 sin cos tan (DPC)
)
(C:\Users\YUSTE\AppData\Local\Programs\MiKTeX\tex/latex/graphics-cfg\graphics.c
fg
File: graphics.cfg 2016/06/04 v1.11 sample graphics configuration
)
Package graphics Info: Driver file: pdftex.def on input line 107.
)
\Gin@req@height=\dimen168
\Gin@req@width=\dimen169
) (sphinxlatexgraphics.sty
File: sphinxlatexgraphics.sty 2021/01/27 graphics
\spx@image@maxheight=\dimen170
\spx@image@box=\box101
) (sphinxpackageboxes.sty
Package: sphinxpackageboxes 2022/07/04 v5.1.0 advanced colored boxes
\spx@tempboxa=\box102
\spx@tempboxb=\box103
\spx@boxes@border=\dimen171
\spx@boxes@border@top=\dimen172
\spx@boxes@border@right=\dimen173
\spx@boxes@border@bottom=\dimen174
\spx@boxes@border@left=\dimen175
\spx@boxes@padding@top=\dimen176
\spx@boxes@padding@right=\dimen177
\spx@boxes@padding@bottom=\dimen178
\spx@boxes@padding@left=\dimen179
\spx@boxes@shadow@xoffset=\dimen180
\spx@boxes@shadow@yoffset=\dimen181
\spx@boxes@radius@topleft=\dimen182
\spx@boxes@radius@topright=\dimen183
\spx@boxes@radius@bottomright=\dimen184
\spx@boxes@radius@bottomleft=\dimen185
)
(sphinxlatexadmonitions.sty
File: sphinxlatexadmonitions.sty 2022/07/03 admonitions

(C:\Users\YUSTE\AppData\Local\Programs\MiKTeX\tex/latex/framed\framed.sty
Package: framed 2011/10/22 v 0.96: framed or shaded text with page breaks
\OuterFrameSep=\skip61
\fb@frw=\dimen186
\fb@frh=\dimen187
\FrameRule=\dimen188
\FrameSep=\dimen189
))
(sphinxlatexliterals.sty
File: sphinxlatexliterals.sty 2022/07/03 code-blocks and parsed literals

(C:\Users\YUSTE\AppData\Local\Programs\MiKTeX\tex/latex/fancyvrb\fancyvrb.sty
Package: fancyvrb 2022/06/06 4.5 verbatim text (tvz,hv)
\FV@CodeLineNo=\count288
\FV@InFile=\read3
\FV@TabBox=\box104
\c@FancyVerbLine=\count289
\FV@StepNumber=\count290
\FV@OutFile=\write3
)
(C:\Users\YUSTE\AppData\Local\Programs\MiKTeX\tex/latex/base\alltt.sty
Package: alltt 2021/01/29 v2.0g defines alltt environment
)
(C:\Users\YUSTE\AppData\Local\Programs\MiKTeX\tex/latex/upquote\upquote.sty
Package: upquote 2012/04/19 v1.3 upright-quote and grave-accent glyphs in verba
tim
)
(C:\Users\YUSTE\AppData\Local\Programs\MiKTeX\tex/latex/needspace\needspace.sty
Package: needspace 2010/09/12 v1.3d reserve vertical space
)
\sphinxcontinuationbox=\box105
\sphinxvisiblespacebox=\box106
\sphinxVerbatim@TitleBox=\box107
\sphinxVerbatim@ContentsBox=\box108
) (sphinxlatexshadowbox.sty
File: sphinxlatexshadowbox.sty 2022/07/03 sphinxShadowBox
) (sphinxlatexcontainers.sty
File: sphinxlatexcontainers.sty 2021/05/03 containers
) (sphinxhighlight.sty
Package: sphinxhighlight 2022/06/30 stylesheet for highlighting with pygments
) (sphinxlatextables.sty
File: sphinxlatextables.sty 2021/01/27 tables

(C:\Users\YUSTE\AppData\Local\Programs\MiKTeX\tex/latex/tabulary\tabulary.sty
Package: tabulary 2014/06/11 v0.10 tabulary package (DPC)

(C:\Users\YUSTE\AppData\Local\Programs\MiKTeX\tex/latex/tools\array.sty
Package: array 2022/03/10 v2.5f Tabular extension package (FMi)
\col@sep=\dimen190
\ar@mcellbox=\box109
\extrarowheight=\dimen191
\NC@list=\toks27
\extratabsurround=\skip62
\backup@length=\skip63
\ar@cellbox=\box110
)
\TY@count=\count291
\TY@linewidth=\dimen192
\tymin=\dimen193
\tymax=\dimen194
\TY@tablewidth=\dimen195
)
(C:\Users\YUSTE\AppData\Local\Programs\MiKTeX\tex/latex/tools\longtable.sty
Package: longtable 2021-09-01 v4.17 Multi-page Table package (DPC)
\LTleft=\skip64
\LTright=\skip65
\LTpre=\skip66
\LTpost=\skip67
\LTchunksize=\count292
\LTcapwidth=\dimen196
\LT@head=\box111
\LT@firsthead=\box112
\LT@foot=\box113
\LT@lastfoot=\box114
\LT@gbox=\box115
\LT@cols=\count293
\LT@rows=\count294
\c@LT@tables=\count295
\c@LT@chunks=\count296
\LT@p@ftn=\toks28
)
(C:\Users\YUSTE\AppData\Local\Programs\MiKTeX\tex/latex/varwidth\varwidth.sty
Package: varwidth 2009/03/30 ver 0.92;  Variable-width minipages
\@vwid@box=\box116
\sift@deathcycles=\count297
\@vwid@loff=\dimen197
\@vwid@roff=\dimen198
)
\sphinx@TY@tablewidth=\dimen199
) (sphinxlatexnumfig.sty
File: sphinxlatexnumfig.sty 2021/01/27 numbering
) (sphinxlatexlists.sty
File: sphinxlatexlists.sty 2021/12/20 lists
\spx@lineitemlabel=\toks29
)
\c@sphinxscope=\count298
 (sphinxpackagefootnote.sty
Package: sphinxpackagefootnote 2022/02/12 v4.5.0 Sphinx custom footnotehyper pa
ckage (Sphinx team)
\FNH@notes=\box117
\FNH@toks=\toks30
\FNH@width=\dimen256
\c@sphinxfootnotemark=\count299
)
(sphinxlatexindbibtoc.sty
File: sphinxlatexindbibtoc.sty 2021/01/27 index, bib., toc

(C:\Users\YUSTE\AppData\Local\Programs\MiKTeX\tex/latex/base\makeidx.sty
Package: makeidx 2021/10/04 v1.0m Standard LaTeX package
))
(sphinxlatexstylepage.sty
File: sphinxlatexstylepage.sty 2021/01/27 page styling

(C:\Users\YUSTE\AppData\Local\Programs\MiKTeX\tex/latex/parskip\parskip.sty
Rollback for package 'parskip' requested -> version 'v1'.
         This corresponds to the release introduced on 2001-04-09.

(C:\Users\YUSTE\AppData\Local\Programs\MiKTeX\tex/latex/parskip\parskip-2001-04
-09.sty
Package: parskip 2001/04/09 non-zero parskip adjustments
))
(C:\Users\YUSTE\AppData\Local\Programs\MiKTeX\tex/latex/fancyhdr\fancyhdr.sty
Package: fancyhdr 2022/11/09 v4.1 Extensive control of page headers and footers

\f@nch@headwidth=\skip68
\f@nch@O@elh=\skip69
\f@nch@O@erh=\skip70
\f@nch@O@olh=\skip71
\f@nch@O@orh=\skip72
\f@nch@O@elf=\skip73
\f@nch@O@erf=\skip74
\f@nch@O@olf=\skip75
\f@nch@O@orf=\skip76
)) (sphinxlatexstyleheadings.sty
File: sphinxlatexstyleheadings.sty 2021/01/27 headings

(C:\Users\YUSTE\AppData\Local\Programs\MiKTeX\tex/latex/titlesec\titlesec.sty
Package: titlesec 2021/07/05 v2.14 Sectioning titles
\ttl@box=\box118
\beforetitleunit=\skip77
\aftertitleunit=\skip78
\ttl@plus=\dimen257
\ttl@minus=\dimen258
\ttl@toksa=\toks31
\titlewidth=\dimen259
\titlewidthlast=\dimen260
\titlewidthfirst=\dimen261
)) (sphinxlatexstyletext.sty
File: sphinxlatexstyletext.sty 2022/07/02 text styling
) (sphinxlatexobjects.sty
File: sphinxlatexobjects.sty 2022/01/13 documentation environments
\sphinxsignaturesep=\skip79
\py@argswidth=\skip80
\lineblockindentation=\skip81
\DUlineblockindent=\skip82
))
(C:\Users\YUSTE\AppData\Local\Programs\MiKTeX\tex/latex/geometry\geometry.sty
Package: geometry 2020/01/02 v5.9 Page Geometry

(C:\Users\YUSTE\AppData\Local\Programs\MiKTeX\tex/generic/iftex\ifvtex.sty
Package: ifvtex 2019/10/25 v1.7 ifvtex legacy package. Use iftex instead.

(C:\Users\YUSTE\AppData\Local\Programs\MiKTeX\tex/generic/iftex\iftex.sty
Package: iftex 2022/02/03 v1.0f TeX engine tests
))
\Gm@cnth=\count300
\Gm@cntv=\count301
\c@Gm@tempcnt=\count302
\Gm@bindingoffset=\dimen262
\Gm@wd@mp=\dimen263
\Gm@odd@mp=\dimen264
\Gm@even@mp=\dimen265
\Gm@layoutwidth=\dimen266
\Gm@layoutheight=\dimen267
\Gm@layouthoffset=\dimen268
\Gm@layoutvoffset=\dimen269
\Gm@dimlist=\toks32

(C:\Users\YUSTE\AppData\Local\Programs\MiKTeX\tex/latex/geometry\geometry.cfg))
(C:\Users\YUSTE\AppData\Local\Programs\MiKTeX\tex/latex/hyperref\hyperref.sty
Package: hyperref 2022-09-22 v7.00t Hypertext links for LaTeX

(C:\Users\YUSTE\AppData\Local\Programs\MiKTeX\tex/generic/pdftexcmds\pdftexcmds
.sty
Package: pdftexcmds 2020-06-27 v0.33 Utility functions of pdfTeX for LuaTeX (HO
)

(C:\Users\YUSTE\AppData\Local\Programs\MiKTeX\tex/generic/infwarerr\infwarerr.s
ty
Package: infwarerr 2019/12/03 v1.5 Providing info/warning/error messages (HO)
)
Package pdftexcmds Info: \pdf@primitive is available.
Package pdftexcmds Info: \pdf@ifprimitive is available.
Package pdftexcmds Info: \pdfdraftmode found.
)
(C:\Users\YUSTE\AppData\Local\Programs\MiKTeX\tex/generic/kvdefinekeys\kvdefine
keys.sty
Package: kvdefinekeys 2019-12-19 v1.6 Define keys (HO)
)
(C:\Users\YUSTE\AppData\Local\Programs\MiKTeX\tex/generic/pdfescape\pdfescape.s
ty
Package: pdfescape 2019/12/09 v1.15 Implements pdfTeX's escape features (HO)
) (C:\Users\YUSTE\AppData\Local\Programs\MiKTeX\tex/latex/hycolor\hycolor.sty
Package: hycolor 2020-01-27 v1.10 Color options for hyperref/bookmark (HO)
)
(C:\Users\YUSTE\AppData\Local\Programs\MiKTeX\tex/latex/letltxmacro\letltxmacro
.sty
Package: letltxmacro 2019/12/03 v1.6 Let assignment for LaTeX macros (HO)
)
(C:\Users\YUSTE\AppData\Local\Programs\MiKTeX\tex/latex/auxhook\auxhook.sty
Package: auxhook 2019-12-17 v1.6 Hooks for auxiliary files (HO)
)
(C:\Users\YUSTE\AppData\Local\Programs\MiKTeX\tex/latex/hyperref\nameref.sty
Package: nameref 2022-05-17 v2.50 Cross-referencing by name of section

(C:\Users\YUSTE\AppData\Local\Programs\MiKTeX\tex/latex/refcount\refcount.sty
Package: refcount 2019/12/15 v3.6 Data extraction from label references (HO)
)
(C:\Users\YUSTE\AppData\Local\Programs\MiKTeX\tex/generic/gettitlestring\gettit
lestring.sty
Package: gettitlestring 2019/12/15 v1.6 Cleanup title references (HO)
)
\c@section@level=\count303
)
\@linkdim=\dimen270
\Hy@linkcounter=\count304
\Hy@pagecounter=\count305

(C:\Users\YUSTE\AppData\Local\Programs\MiKTeX\tex/latex/hyperref\pd1enc.def
File: pd1enc.def 2022-09-22 v7.00t Hyperref: PDFDocEncoding definition (HO)
Now handling font encoding PD1 ...
... no UTF-8 mapping file for font encoding PD1
)
(C:\Users\YUSTE\AppData\Local\Programs\MiKTeX\tex/generic/intcalc\intcalc.sty
Package: intcalc 2019/12/15 v1.3 Expandable calculations with integers (HO)
)
(C:\Users\YUSTE\AppData\Local\Programs\MiKTeX\tex/generic/etexcmds\etexcmds.sty
Package: etexcmds 2019/12/15 v1.7 Avoid name clashes with e-TeX commands (HO)
)
\Hy@SavedSpaceFactor=\count306
 (C:\Users\YUSTE\AppData\Local\Programs\MiKTeX\tex/latex/hyperref\puenc.def
File: puenc.def 2022-09-22 v7.00t Hyperref: PDF Unicode definition (HO)
Now handling font encoding PU ...
... no UTF-8 mapping file for font encoding PU
)
Package hyperref Info: Option `unicode' set `true' on input line 4045.
Package hyperref Info: Option `colorlinks' set `true' on input line 4045.
Package hyperref Info: Option `breaklinks' set `true' on input line 4045.
Package hyperref Info: Hyper figures OFF on input line 4162.
Package hyperref Info: Link nesting OFF on input line 4167.
Package hyperref Info: Hyper index ON on input line 4170.
Package hyperref Info: Plain pages OFF on input line 4177.
Package hyperref Info: Backreferencing OFF on input line 4182.
Package hyperref Info: Implicit mode ON; LaTeX internals redefined.
Package hyperref Info: Bookmarks ON on input line 4410.
\c@Hy@tempcnt=\count307

(C:\Users\YUSTE\AppData\Local\Programs\MiKTeX\tex/latex/url\url.sty
\Urlmuskip=\muskip17
Package: url 2013/09/16  ver 3.4  Verb mode for urls, etc.
)
LaTeX Info: Redefining \url on input line 4748.
\XeTeXLinkMargin=\dimen271

(C:\Users\YUSTE\AppData\Local\Programs\MiKTeX\tex/generic/bitset\bitset.sty
Package: bitset 2019/12/09 v1.3 Handle bit-vector datatype (HO)

(C:\Users\YUSTE\AppData\Local\Programs\MiKTeX\tex/generic/bigintcalc\bigintcalc
.sty
Package: bigintcalc 2019/12/15 v1.5 Expandable calculations on big integers (HO
)
))
\Fld@menulength=\count308
\Field@Width=\dimen272
\Fld@charsize=\dimen273
Package hyperref Info: Hyper figures OFF on input line 6027.
Package hyperref Info: Link nesting OFF on input line 6032.
Package hyperref Info: Hyper index ON on input line 6035.
Package hyperref Info: backreferencing OFF on input line 6042.
Package hyperref Info: Link coloring ON on input line 6045.
Package hyperref Info: Link coloring with OCG OFF on input line 6052.
Package hyperref Info: PDF/A mode OFF on input line 6057.

(C:\Users\YUSTE\AppData\Local\Programs\MiKTeX\tex/latex/base\atbegshi-ltx.sty
Package: atbegshi-ltx 2021/01/10 v1.0c Emulation of the original atbegshi
package with kernel methods
)
\Hy@abspage=\count309
\c@Item=\count310
\c@Hfootnote=\count311
)
Package hyperref Info: Driver (autodetected): hpdftex.
(C:\Users\YUSTE\AppData\Local\Programs\MiKTeX\tex/latex/hyperref\hpdftex.def
File: hpdftex.def 2022-09-22 v7.00t Hyperref driver for pdfTeX

(C:\Users\YUSTE\AppData\Local\Programs\MiKTeX\tex/latex/base\atveryend-ltx.sty
Package: atveryend-ltx 2020/08/19 v1.0a Emulation of the original atveryend pac
kage
with kernel methods
)
\Fld@listcount=\count312
\c@bookmark@seq@number=\count313

(C:\Users\YUSTE\AppData\Local\Programs\MiKTeX\tex/latex/rerunfilecheck\rerunfil
echeck.sty
Package: rerunfilecheck 2022-07-10 v1.10 Rerun checks for auxiliary files (HO)

(C:\Users\YUSTE\AppData\Local\Programs\MiKTeX\tex/generic/uniquecounter\uniquec
ounter.sty
Package: uniquecounter 2019/12/15 v1.4 Provide unlimited unique counter (HO)
)
Package uniquecounter Info: New unique counter `rerunfilecheck' on input line 2
85.
)
\Hy@SectionHShift=\skip83
)
(C:\Users\YUSTE\AppData\Local\Programs\MiKTeX\tex/latex/oberdiek\hypcap.sty
Package: hypcap 2016/05/16 v1.12 Adjusting the anchors of captions (HO)
)
(sphinxmessages.sty
Package: sphinxmessages 2019/01/04 v2.0 Localized LaTeX macros (Sphinx team)
)
\@indexfile=\write4
\openout4 = `in-vivo-imaging-pipeline.idx'.


Writing index file in-vivo-imaging-pipeline.idx
LaTeX Font Info:    Trying to load font information for T1+qtm on input line 70
.
(C:\Users\YUSTE\AppData\Local\Programs\MiKTeX\tex/latex/tex-gyre\t1qtm.fd
File: t1qtm.fd 2009/09/25 v1.2 font definition file for T1/qtm
)
(C:\Users\YUSTE\AppData\Local\Programs\MiKTeX\tex/latex/l3backend\l3backend-pdf
tex.def
File: l3backend-pdftex.def 2022-09-28 L3 backend support: PDF output (pdfTeX)
\l__color_backend_stack_int=\count314
\l__pdf_internal_box=\box119
)
(C:/ProgramData\Anaconda3\envs\Calcium-Imaging-Analysis-Pipeline\auxil\in-vivo-
imaging-pipeline.aux)
\openout1 = `in-vivo-imaging-pipeline.aux'.

LaTeX Font Info:    Checking defaults for OML/cmm/m/it on input line 70.
LaTeX Font Info:    ... okay on input line 70.
LaTeX Font Info:    Checking defaults for OMS/cmsy/m/n on input line 70.
LaTeX Font Info:    ... okay on input line 70.
LaTeX Font Info:    Checking defaults for OT1/cmr/m/n on input line 70.
LaTeX Font Info:    ... okay on input line 70.
LaTeX Font Info:    Checking defaults for T1/cmr/m/n on input line 70.
LaTeX Font Info:    ... okay on input line 70.
LaTeX Font Info:    Checking defaults for TS1/cmr/m/n on input line 70.
LaTeX Font Info:    ... okay on input line 70.
LaTeX Font Info:    Checking defaults for OMX/cmex/m/n on input line 70.
LaTeX Font Info:    ... okay on input line 70.
LaTeX Font Info:    Checking defaults for U/cmr/m/n on input line 70.
LaTeX Font Info:    ... okay on input line 70.
LaTeX Font Info:    Checking defaults for PD1/pdf/m/n on input line 70.
LaTeX Font Info:    ... okay on input line 70.
LaTeX Font Info:    Checking defaults for PU/pdf/m/n on input line 70.
LaTeX Font Info:    ... okay on input line 70.

(C:\Users\YUSTE\AppData\Local\Programs\MiKTeX\tex/context/base/mkii\supp-pdf.mk
ii
[Loading MPS to PDF converter (version 2006.09.02).]
\scratchcounter=\count315
\scratchdimen=\dimen274
\scratchbox=\box120
\nofMPsegments=\count316
\nofMParguments=\count317
\everyMPshowfont=\toks33
\MPscratchCnt=\count318
\MPscratchDim=\dimen275
\MPnumerator=\count319
\makeMPintoPDFobject=\count320
\everyMPtoPDFconversion=\toks34
)
(C:\Users\YUSTE\AppData\Local\Programs\MiKTeX\tex/latex/epstopdf-pkg\epstopdf-b
ase.sty
Package: epstopdf-base 2020-01-24 v2.11 Base part for package epstopdf
Package epstopdf-base Info: Redefining graphics rule for `.eps' on input line 4
85.

(C:\Users\YUSTE\AppData\Local\Programs\MiKTeX\tex/latex/00miktex\epstopdf-sys.c
fg
File: epstopdf-sys.cfg 2021/03/18 v2.0 Configuration of epstopdf for MiKTeX
))
\c@literalblock=\count321

*geometry* driver: auto-detecting
*geometry* detected driver: pdftex
*geometry* verbose mode - [ preamble ] result:
* driver: pdftex
* paper: letterpaper
* layout: <same size as paper>
* layoutoffset:(h,v)=(0.0pt,0.0pt)
* modes: twoside 
* h-part:(L,W,R)=(72.26999pt, 469.75502pt, 72.26999pt)
* v-part:(T,H,B)=(72.26999pt, 650.43001pt, 72.26999pt)
* \paperwidth=614.295pt
* \paperheight=794.96999pt
* \textwidth=469.75502pt
* \textheight=650.43001pt
* \oddsidemargin=0.0pt
* \evensidemargin=0.0pt
* \topmargin=-37.0pt
* \headheight=12.0pt
* \headsep=25.0pt
* \topskip=10.0pt
* \footskip=30.0pt
* \marginparwidth=36.135pt
* \marginparsep=11.0pt
* \columnsep=10.0pt
* \skip\footins=9.0pt plus 4.0pt minus 2.0pt
* \hoffset=0.0pt
* \voffset=0.0pt
* \mag=1000
* \@twocolumnfalse
* \@twosidetrue
* \@mparswitchtrue
* \@reversemarginfalse
* (1in=72.27pt=25.4mm, 1cm=28.453pt)

Package hyperref Info: Link coloring ON on input line 70.

(C:/ProgramData\Anaconda3\envs\Calcium-Imaging-Analysis-Pipeline\auxil\in-vivo-
imaging-pipeline.out)
(C:/ProgramData\Anaconda3\envs\Calcium-Imaging-Analysis-Pipeline\auxil\in-vivo-
imaging-pipeline.out)
\@outlinefile=\write5
\openout5 = `in-vivo-imaging-pipeline.out'.

Package hyperref Info: Option `pageanchor' set `false' on input line 78.


Package hyperref Warning: Token not allowed in a PDF string (Unicode):
(hyperref)                removing `\spacefactor' on input line 78.


Package hyperref Warning: Token not allowed in a PDF string (Unicode):
(hyperref)                removing `\@m' on input line 78.

LaTeX Font Info:    Trying to load font information for T1+qhv on input line 78
.
(C:\Users\YUSTE\AppData\Local\Programs\MiKTeX\tex/latex/tex-gyre\t1qhv.fd
File: t1qhv.fd 2009/09/25 v1.2 font definition file for T1/qhv
)<<ot1.cmap>><<oml.cmap>><<oms.cmap>><<omx.cmap>>
LaTeX Font Info:    Trying to load font information for U+msa on input line 78.


(C:\Users\YUSTE\AppData\Local\Programs\MiKTeX\tex/latex/amsfonts\umsa.fd
File: umsa.fd 2013/01/14 v3.01 AMS symbols A
)
LaTeX Font Info:    Trying to load font information for U+msb on input line 78.


(C:\Users\YUSTE\AppData\Local\Programs\MiKTeX\tex/latex/amsfonts\umsb.fd
File: umsb.fd 2013/01/14 v3.01 AMS symbols B
)
LaTeX Font Info:    Trying to load font information for TS1+qhv on input line 7
8.

(C:\Users\YUSTE\AppData\Local\Programs\MiKTeX\tex/latex/tex-gyre\ts1qhv.fd
File: ts1qhv.fd 2009/09/25 v1.2 font definition file for TS1/qhv
)
[1

{C:/Users/YUSTE/AppData/Local/MiKTeX/fonts/map/pdftex/pdftex.map}] [2


]
(C:/ProgramData\Anaconda3\envs\Calcium-Imaging-Analysis-Pipeline\auxil\in-vivo-
imaging-pipeline.toc)
\tf@toc=\write6
\openout6 = `in-vivo-imaging-pipeline.toc'.

 [1

] [2

]
Chapter 1.
LaTeX Font Info:    Trying to load font information for T1+txtt on input line 9
9.
(C:\Users\YUSTE\AppData\Local\Programs\MiKTeX\tex/latex/txfonts\t1txtt.fd
File: t1txtt.fd 2000/12/15 v3.1
)
LaTeX Font Info:    Font shape `T1/txtt/b/n' in size <10> not available
(Font)              Font shape `T1/txtt/bx/n' tried instead on input line 99.
LaTeX Font Info:    Font shape `T1/txtt/m/it' in size <10> not available
(Font)              Font shape `T1/txtt/m/sl' tried instead on input line 140.

Underfull \hbox (badness 10000) in paragraph at lines 146--146

 []


Underfull \hbox (badness 10000) in paragraph at lines 152--152

 []


Underfull \hbox (badness 10000) in paragraph at lines 158--158

 []


Underfull \hbox (badness 10000) in paragraph at lines 169--169

 []

[1

]
LaTeX Font Info:    Trying to load font information for TS1+qtm on input line 1
90.
 (C:\Users\YUSTE\AppData\Local\Programs\MiKTeX\tex/latex/tex-gyre\ts1qtm.fd
File: ts1qtm.fd 2009/09/25 v1.2 font definition file for TS1/qtm
)
Underfull \hbox (badness 10000) in paragraph at lines 229--229

 []


Underfull \hbox (badness 10000) in paragraph at lines 234--234

 []


Underfull \hbox (badness 10000) in paragraph at lines 241--241

 []

[2]
Underfull \hbox (badness 10000) in paragraph at lines 440--440

 []

[3] [4]
Underfull \hbox (badness 10000) in paragraph at lines 766--766

 []


Underfull \hbox (badness 10000) in paragraph at lines 776--776

 []

[5]
Underfull \hbox (badness 10000) in paragraph at lines 792--792

 []


Underfull \hbox (badness 10000) in paragraph at lines 797--797

 []


Underfull \hbox (badness 10000) in paragraph at lines 809--809

 []


Underfull \hbox (badness 10000) in paragraph at lines 817--817

 []

[6] [7] [8] [9] [10]
Chapter 2.

Underfull \hbox (badness 10000) in paragraph at lines 1388--1390
[]\T1/txtt/bx/n/10 KeyValuePairs \T1/qtm/m/n/10 (\T1/txtt/m/sl/10 Union[tuple[s
tr, Union[str, int, float]], tuple[str,
 []

[11

] [12] [13] [14]
Chapter 3.
[15

] [16] [17]
Underfull \hbox (badness 10000) in paragraph at lines 2416--2416

 []

[18] [19] [20] [21] [22] [23] [24] [25] [26] [27] [28

]
Chapter 4.

Underfull \hbox (badness 10000) in paragraph at lines 3701--3701

 []

[29] [30] [31] [32]
Chapter 5.
[33

] [34

] [35


]
(C:/ProgramData\Anaconda3\envs\Calcium-Imaging-Analysis-Pipeline\auxil\in-vivo-
imaging-pipeline.ind
Overfull \hbox (120.46242pt too wide) in paragraph at lines 3--5
[]\T1/qtm/m/n/10 \spxentryadd_image_sampling_folder()\spxextraExperimentHierarc
hy.ExperimentStage
 []


Overfull \hbox (110.67242pt too wide) in paragraph at lines 5--7
[]\T1/qtm/m/n/10 \spxentryadd_notes()\spxextraExperimentHierarchy.CollectedImag
ingAnalysisFolder
 []


Overfull \hbox (31.19244pt too wide) in paragraph at lines 11--13
[]\T1/qtm/m/n/10 \spxentryassessFit()\spxextraDecodingAnalysis.DecodingModule
 []


Overfull \hbox (114.84245pt too wide) in paragraph at lines 13--15
[]\T1/qtm/m/n/10 \spxentryassessFit()\spxextraLinearNonLinearRegression.LinearN
onLinearRegression
 []


Overfull \hbox (28.60243pt too wide) in paragraph at lines 15--17
[]\T1/qtm/m/n/10 \spxentryassessFit()\spxextraLinearRegression.LinearRegression

 []


Overfull \hbox (41.66243pt too wide) in paragraph at lines 17--19
[]\T1/qtm/m/n/10 \spxentryassessFit()\spxextraLogisticRegression.LogisticRegres
sion
 []


Overfull \hbox (2.36241pt too wide) in paragraph at lines 19--21
[]\T1/qtm/m/n/10 \spxentryassessFit()\spxextraSupportVectorMachine.SVM
 []


Underfull \hbox (badness 10000) in paragraph at lines 26--28
[]\T1/qtm/m/n/10 \spxentrybackground\spxextraColoring.ColorImages
 []


Overfull \hbox (12.0424pt too wide) in paragraph at lines 28--30
[]\T1/qtm/m/n/10 \spxentrybackground_cutoffs\spxextraColoring.ColorImages
 []


Overfull \hbox (3.37239pt too wide) in paragraph at lines 30--32
[]\T1/qtm/m/n/10 \spxentrybackground_style\spxextraColoring.ColorImages
 []


Underfull \hbox (badness 10000) in paragraph at lines 32--34
[]\T1/qtm/m/n/10 \spxentryBehavioralStage\spxextraclass in Ex-per-i-men-
 []


Underfull \hbox (badness 10000) in paragraph at lines 40--42
[]\T1/qtm/m/n/10 \spxentryblockwise_fast_filter_tiff()\spxextrain mod-ule
 []


Overfull \hbox (81.91243pt too wide) in paragraph at lines 53--55
[]\T1/qtm/m/n/10 \spxentrycalculate_distance()\spxextraBurrowFearConditioning.D
eepLabData
 []


Overfull \hbox (63.80243pt too wide) in paragraph at lines 61--63
[]\T1/qtm/m/n/10 \spxentrychannels\spxextraExperimentHierarchy.CollectedImaging
Folder
 []


Overfull \hbox (44.54242pt too wide) in paragraph at lines 63--65
[]\T1/qtm/m/n/10 \spxentrycheck_log()\spxextraExperimentHierarchy.ExperimentDat
a
 []


Overfull \hbox (48.98242pt too wide) in paragraph at lines 65--67
[]\T1/qtm/m/n/10 \spxentrycheck_path()\spxextraExperimentHierarchy.ExperimentDa
ta
 []


Overfull \hbox (90.44241pt too wide) in paragraph at lines 67--69
[]\T1/qtm/m/n/10 \spxentrycheck_sync_plot()\spxextraBurrowFearConditioning.Fear
Conditioning
 []


Overfull \hbox (159.00243pt too wide) in paragraph at lines 69--71
[]\T1/qtm/m/n/10 \spxentryclean_up_compilation()\spxextraExperimentHierarchy.Co
llectedImagingAnalysisFolder
 []


Overfull \hbox (185.35242pt too wide) in paragraph at lines 71--73
[]\T1/qtm/m/n/10 \spxentryclean_up_motion_correction()\spxextraExperimentHierar
chy.CollectedImagingAnalysisFolder
 []


Overfull \hbox (47.58246pt too wide) in paragraph at lines 73--75
[]\T1/qtm/m/n/10 \spxentrycleanKwargs()\spxextraDecodingAnalysis.DecodingModule

 []


Overfull \hbox (62.23245pt too wide) in paragraph at lines 75--77
[]\T1/qtm/m/n/10 \spxentrycollapseFeatures()\spxextraDecodingAnalysis.DecodingM
odule
 []


Underfull \hbox (badness 10000) in paragraph at lines 77--79
[]\T1/qtm/m/n/10 \spxentryCollectedDataFolder\spxextraclass in Ex-per-i-
 []


Underfull \hbox (badness 10000) in paragraph at lines 81--83
[]\T1/qtm/m/n/10 \spxentryCollectedImagingAnalysisFolder\spxextraclass
 []


Underfull \hbox (badness 10000) in paragraph at lines 85--87
[]\T1/qtm/m/n/10 \spxentrycolor_video\spxextraColoring.ColorImages
 []


Underfull \hbox (badness 10000) in paragraph at lines 91--93
[]\T1/qtm/m/n/10 \spxentrycolorize_complete_image()\spxextrain mod-ule
 []


Underfull \hbox (badness 10000) in paragraph at lines 93--95
[]\T1/qtm/m/n/10 \spxentrycolorize_complete_image()\spxextrain mod-ule
 []

[36


]
Overfull \hbox (78.00244pt too wide) in paragraph at lines 103--105
[]\T1/qtm/m/n/10 \spxentrycommonAssessment()\spxextraDecodingAnalysis.DecodingM
odule
 []


Overfull \hbox (75.41243pt too wide) in paragraph at lines 105--107
[]\T1/qtm/m/n/10 \spxentrycommonAssessment()\spxextraLinearRegression.LinearReg
ression
 []


Overfull \hbox (88.47243pt too wide) in paragraph at lines 107--109
[]\T1/qtm/m/n/10 \spxentrycommonAssessment()\spxextraLogisticRegression.Logisti
cRegression
 []


Overfull \hbox (49.17241pt too wide) in paragraph at lines 109--111
[]\T1/qtm/m/n/10 \spxentrycommonAssessment()\spxextraSupportVectorMachine.SVM
 []


Overfull \hbox (158.33235pt too wide) in paragraph at lines 117--119
[]\T1/qtm/m/n/10 \spxentryconvert_dataframe_to_physical_units()\spxextraBurrowF
earConditioning.DeepLabData
 []


Overfull \hbox (99.99237pt too wide) in paragraph at lines 121--123
[]\T1/qtm/m/n/10 \spxentryconvert_to_mean_zero()\spxextraBurrowFearConditioning
.DeepLabData
 []


Overfull \hbox (27.66241pt too wide) in paragraph at lines 123--125
[]\T1/qtm/m/n/10 \spxentrycreate()\spxextraExperimentHierarchy.ExperimentData
 []


Overfull \hbox (109.87239pt too wide) in paragraph at lines 125--127
[]\T1/qtm/m/n/10 \spxentrycreate_experimental_stage()\spxextraExperimentHierarc
hy.ExperimentData
 []


Overfull \hbox (63.22241pt too wide) in paragraph at lines 127--129
[]\T1/qtm/m/n/10 \spxentrycreate_log_file()\spxextraExperimentHierarchy.Experim
entData
 []


Overfull \hbox (74.89243pt too wide) in paragraph at lines 129--131
[]\T1/qtm/m/n/10 \spxentrycreateTrialIndicator()\spxextraDecodingAnalysis.Decod
ingModule
 []


Overfull \hbox (117.18242pt too wide) in paragraph at lines 131--133
[]\T1/qtm/m/n/10 \spxentrycurrent_stage\spxextraExperimentHierarchy.CollectedIm
agingAnalysisFolder
 []


Underfull \hbox (badness 10000) in paragraph at lines 138--140
[]\T1/qtm/m/n/10 \spxentryDecodingModule\spxextraclass in De-codin-g-
 []


Overfull \hbox (130.01244pt too wide) in paragraph at lines 142--144
[]\T1/qtm/m/n/10 \spxentrydefault_folders()\spxextraExperimentHierarchy.Collect
edImagingAnalysisFolder
 []


Overfull \hbox (67.02243pt too wide) in paragraph at lines 144--146
[]\T1/qtm/m/n/10 \spxentrydep_shuffle_trials()\spxextraDecodingAnalysis.Decodin
gModule
 []


Underfull \hbox (badness 10000) in paragraph at lines 146--148
[]\T1/qtm/m/n/10 \spxentrydetermine_bruker_folder_contents()\spxextrain
 []


Overfull \hbox (36.0124pt too wide) in paragraph at lines 155--157
[]\T1/qtm/m/n/10 \spxentryend_log()\spxextraExperimentHierarchy.ExperimentData
 []


Overfull \hbox (91.97237pt too wide) in paragraph at lines 157--159
[]\T1/qtm/m/n/10 \spxentryexperimental_condition\spxextraExperimentHierarchy.Ex
perimentData
 []


Underfull \hbox (badness 10000) in paragraph at lines 159--161
[]\T1/qtm/m/n/10 \spxentryExperimentData\spxextraclass in Ex-per-i-men-
 []


Overfull \hbox (199.3024pt too wide) in paragraph at lines 165--167
[]\T1/qtm/m/n/10 \spxentryexport_registration_to_denoised()\spxextraExperimentH
ierarchy.CollectedImagingAnalysisFolder
 []


Underfull \hbox (badness 10000) in paragraph at lines 174--176
[]\T1/qtm/m/n/10 \spxentryFearConditioning\spxextraclass in Bur-
 []


Overfull \hbox (47.8424pt too wide) in paragraph at lines 176--178
[]\T1/qtm/m/n/10 \spxentryfeature_matrix\spxextraDecodingAnalysis.DecodingModul
e
 []


Overfull \hbox (45.97243pt too wide) in paragraph at lines 178--180
[]\T1/qtm/m/n/10 \spxentryfeature_tensor\spxextraDecodingAnalysis.DecodingModul
e
 []


Overfull \hbox (73.20241pt too wide) in paragraph at lines 180--182
[]\T1/qtm/m/n/10 \spxentryfile_format\spxextraExperimentHierarchy.CollectedImag
ingFolder
 []


Overfull \hbox (31.18242pt too wide) in paragraph at lines 182--184
[]\T1/qtm/m/n/10 \spxentryfiles\spxextraExperimentHierarchy.CollectedDataFolder

 []


Underfull \hbox (badness 10000) in paragraph at lines 184--186
[]\T1/qtm/m/n/10 \spxentryfilter_images()\spxextrain mod-ule Im-age-Pro-
 []


Overfull \hbox (68.6024pt too wide) in paragraph at lines 186--188
[]\T1/qtm/m/n/10 \spxentryfind_all_ext()\spxextraExperimentHierarchy.CollectedD
ataFolder
 []


Overfull \hbox (100.47243pt too wide) in paragraph at lines 188--190
[]\T1/qtm/m/n/10 \spxentryfind_matching_files()\spxextraExperimentHierarchy.Col
lectedDataFolder
 []


Overfull \hbox (15.81245pt too wide) in paragraph at lines 190--192
[]\T1/qtm/m/n/10 \spxentryfit()\spxextraLinearRegression.WienerFilterDecoder
 []


Overfull \hbox (48.46243pt too wide) in paragraph at lines 192--194
[]\T1/qtm/m/n/10 \spxentryfit()\spxextraLogisticRegression.LogisticRegressionDe
coder
 []


Overfull \hbox (30.23244pt too wide) in paragraph at lines 194--196
[]\T1/qtm/m/n/10 \spxentryfitModel()\spxextraDecodingAnalysis.DecodingModule
 []


Overfull \hbox (113.88245pt too wide) in paragraph at lines 196--198
[]\T1/qtm/m/n/10 \spxentryfitModel()\spxextraLinearNonLinearRegression.LinearNo
nLinearRegression
 []


Overfull \hbox (27.64243pt too wide) in paragraph at lines 198--200
[]\T1/qtm/m/n/10 \spxentryfitModel()\spxextraLinearRegression.LinearRegression
 []


Overfull \hbox (40.70242pt too wide) in paragraph at lines 200--202
[]\T1/qtm/m/n/10 \spxentryfitModel()\spxextraLogisticRegression.LogisticRegress
ion
 []


Overfull \hbox (100.59235pt too wide) in paragraph at lines 202--204
[]\T1/qtm/m/n/10 \spxentryfitModel()\spxextraLSTMRegression.LongShortTermMemory
Regression
 []


Overfull \hbox (1.4024pt too wide) in paragraph at lines 204--206
[]\T1/qtm/m/n/10 \spxentryfitModel()\spxextraSupportVectorMachine.SVM
 []


Overfull \hbox (41.88243pt too wide) in paragraph at lines 206--208
[]\T1/qtm/m/n/10 \spxentryfolders\spxextraExperimentHierarchy.CollectedDataFold
er
 []


Overfull \hbox (56.17242pt too wide) in paragraph at lines 208--210
[]\T1/qtm/m/n/10 \spxentryframes\spxextraExperimentHierarchy.CollectedImagingFo
lder
 []


Overfull \hbox (56.89244pt too wide) in paragraph at lines 210--212
[]\T1/qtm/m/n/10 \spxentryfullAssessment()\spxextraDecodingAnalysis.DecodingMod
ule
 []

[37]
Overfull \hbox (54.30243pt too wide) in paragraph at lines 212--214
[]\T1/qtm/m/n/10 \spxentryfullAssessment()\spxextraLinearRegression.LinearRegre
ssion
 []


Overfull \hbox (37.42241pt too wide) in paragraph at lines 233--235
[]\T1/qtm/m/n/10 \spxentryget_date()\spxextraExperimentHierarchy.ExperimentData

 []


Overfull \hbox (38.5424pt too wide) in paragraph at lines 235--237
[]\T1/qtm/m/n/10 \spxentryget_time()\spxextraExperimentHierarchy.ExperimentData

 []


Overfull \hbox (53.96242pt too wide) in paragraph at lines 242--244
[]\T1/qtm/m/n/10 \spxentryheight\spxextraExperimentHierarchy.CollectedImagingFo
lder
 []


Overfull \hbox (83.41241pt too wide) in paragraph at lines 249--251
[]\T1/qtm/m/n/10 \spxentryimaging_files\spxextraExperimentHierarchy.CollectedIm
agingFolder
 []


Overfull \hbox (53.1824pt too wide) in paragraph at lines 251--253
[]\T1/qtm/m/n/10 \spxentryimport_meta_data()\spxextraBrukerMetaModule.BrukerMet
a
 []


Overfull \hbox (112.53242pt too wide) in paragraph at lines 253--255
[]\T1/qtm/m/n/10 \spxentryimported_feature_organization\spxextraDecodingAnalysi
s.DecodingModule
 []


Overfull \hbox (110.11244pt too wide) in paragraph at lines 255--257
[]\T1/qtm/m/n/10 \spxentryimported_neural_organization\spxextraDecodingAnalysis
.DecodingModule
 []


Overfull \hbox (68.79243pt too wide) in paragraph at lines 257--259
[]\T1/qtm/m/n/10 \spxentryinstance_date\spxextraExperimentHierarchy.CollectedDa
taFolder
 []


Overfull \hbox (51.41241pt too wide) in paragraph at lines 259--261
[]\T1/qtm/m/n/10 \spxentryinstance_date\spxextraExperimentHierarchy.ExperimentD
ata
 []


Overfull \hbox (54.30241pt too wide) in paragraph at lines 261--263
[]\T1/qtm/m/n/10 \spxentryinstance_date\spxextraExperimentHierarchy.ExperimentS
tage
 []


Underfull \hbox (badness 10000) in paragraph at lines 272--274
[]\T1/qtm/m/n/10 \spxentryLinearNonLinearRegression\spxextraclass in
 []


Underfull \hbox (badness 10000) in paragraph at lines 276--278
[]\T1/qtm/m/n/10 \spxentryLinearRegression\spxextraclass in Lin-ear-
 []


Overfull \hbox (157.7724pt too wide) in paragraph at lines 284--286
[]\T1/qtm/m/n/10 \spxentryload_cascade_exports()\spxextraExperimentHierarchy.Co
llectedImagingAnalysisFolder
 []


Overfull \hbox (47.63242pt too wide) in paragraph at lines 286--288
[]\T1/qtm/m/n/10 \spxentryload_data()\spxextraBurrowFearConditioning.DeepLabDat
a
 []


Overfull \hbox (62.4624pt too wide) in paragraph at lines 288--290
[]\T1/qtm/m/n/10 \spxentryload_data()\spxextraBurrowFearConditioning.FearCondit
ioning
 []


Overfull \hbox (42.28241pt too wide) in paragraph at lines 290--292
[]\T1/qtm/m/n/10 \spxentryload_data()\spxextraExperimentHierarchy.BehavioralSta
ge
 []


Overfull \hbox (45.56241pt too wide) in paragraph at lines 292--294
[]\T1/qtm/m/n/10 \spxentryload_data()\spxextraExperimentHierarchy.ExperimentSta
ge
 []


Overfull \hbox (74.74237pt too wide) in paragraph at lines 294--296
[]\T1/qtm/m/n/10 \spxentryload_experiments()\spxextraExperimentHierarchy.Experi
mentData
 []


Overfull \hbox (144.46239pt too wide) in paragraph at lines 296--298
[]\T1/qtm/m/n/10 \spxentryload_fissa_exports()\spxextraExperimentHierarchy.Coll
ectedImagingAnalysisFolder
 []


Underfull \hbox (badness 5696) in paragraph at lines 298--300
[]\T1/qtm/m/n/10 \spxentryload_mapped_binary()\spxextrain mod-ule IO,
 []


Overfull \hbox (43.48242pt too wide) in paragraph at lines 300--302
[]\T1/qtm/m/n/10 \spxentryload_meta_data()\spxextraBrukerMetaModule.BrukerMeta
 []


Overfull \hbox (121.23242pt too wide) in paragraph at lines 306--308
[]\T1/qtm/m/n/10 \spxentryload_suite2p()\spxextraExperimentHierarchy.CollectedI
magingAnalysisFolder
 []


Overfull \hbox (46.68245pt too wide) in paragraph at lines 308--310
[]\T1/qtm/m/n/10 \spxentryloadFeatures()\spxextraDecodingAnalysis.DecodingModul
e
 []


Overfull \hbox (62.09245pt too wide) in paragraph at lines 310--312
[]\T1/qtm/m/n/10 \spxentryloadFeaturesFile()\spxextraDecodingAnalysis.DecodingM
odule
 []


Overfull \hbox (27.6924pt too wide) in paragraph at lines 312--314
[]\T1/qtm/m/n/10 \spxentrylog_file\spxextraExperimentHierarchy.ExperimentData
 []


Overfull \hbox (5.66235pt too wide) in paragraph at lines 320--322
[]\T1/qtm/m/n/10 \spxentryLongShortTermMemoryRegression\spxextraclass
 []


Overfull \hbox (72.43243pt too wide) in paragraph at lines 329--331
[]\T1/qtm/m/n/10 \spxentrymakeAllPredictions()\spxextraLinearRegression.LinearR
egression
 []


Overfull \hbox (85.49243pt too wide) in paragraph at lines 331--333
[]\T1/qtm/m/n/10 \spxentrymakeAllPredictions()\spxextraLogisticRegression.Logis
ticRegression
 []


Overfull \hbox (145.38235pt too wide) in paragraph at lines 333--335
[]\T1/qtm/m/n/10 \spxentrymakeAllPredictions()\spxextraLSTMRegression.LongShort
TermMemoryRegression
 []

[38]
Overfull \hbox (46.19241pt too wide) in paragraph at lines 335--337
[]\T1/qtm/m/n/10 \spxentrymakeAllPredictions()\spxextraSupportVectorMachine.SVM

 []


Overfull \hbox (58.35245pt too wide) in paragraph at lines 337--339
[]\T1/qtm/m/n/10 \spxentrymakePrediction()\spxextraDecodingAnalysis.DecodingMod
ule
 []


Overfull \hbox (142.00246pt too wide) in paragraph at lines 339--341
[]\T1/qtm/m/n/10 \spxentrymakePrediction()\spxextraLinearNonLinearRegression.Li
nearNonLinearRegression
 []


Overfull \hbox (55.76244pt too wide) in paragraph at lines 341--343
[]\T1/qtm/m/n/10 \spxentrymakePrediction()\spxextraLinearRegression.LinearRegre
ssion
 []


Overfull \hbox (68.82243pt too wide) in paragraph at lines 343--345
[]\T1/qtm/m/n/10 \spxentrymakePrediction()\spxextraLogisticRegression.LogisticR
egression
 []


Overfull \hbox (128.71236pt too wide) in paragraph at lines 345--347
[]\T1/qtm/m/n/10 \spxentrymakePrediction()\spxextraLSTMRegression.LongShortTerm
MemoryRegression
 []


Overfull \hbox (29.52242pt too wide) in paragraph at lines 347--349
[]\T1/qtm/m/n/10 \spxentrymakePrediction()\spxextraSupportVectorMachine.SVM
 []


Underfull \hbox (badness 10000) in paragraph at lines 351--353
[]\T1/qtm/m/n/10 \spxentrymerge_background()\spxextrain mod-ule Col-
 []


Overfull \hbox (72.22243pt too wide) in paragraph at lines 353--355
[]\T1/qtm/m/n/10 \spxentrymerge_dlc_data()\spxextraBurrowFearConditioning.DeepL
abData
 []


Overfull \hbox (70.07242pt too wide) in paragraph at lines 357--359
[]\T1/qtm/m/n/10 \spxentrymeta_files\spxextraExperimentHierarchy.CollectedImagi
ngFolder
 []


Overfull \hbox (36.0224pt too wide) in paragraph at lines 378--380
[]\T1/qtm/m/n/10 \spxentrymouse_id\spxextraExperimentHierarchy.ExperimentData
 []


Overfull \hbox (38.9124pt too wide) in paragraph at lines 380--382
[]\T1/qtm/m/n/10 \spxentrymouse_id\spxextraExperimentHierarchy.ExperimentStage
 []


Overfull \hbox (45.42242pt too wide) in paragraph at lines 385--387
[]\T1/qtm/m/n/10 \spxentryneural_matrix\spxextraDecodingAnalysis.DecodingModule

 []


Overfull \hbox (43.55244pt too wide) in paragraph at lines 387--389
[]\T1/qtm/m/n/10 \spxentryneural_tensor\spxextraDecodingAnalysis.DecodingModule

 []


Underfull \hbox (badness 10000) in paragraph at lines 389--391
[]\T1/qtm/m/n/10 \spxentryneuron_subsets\spxextraColoring.ColorImages
 []


Underfull \hbox (badness 10000) in paragraph at lines 391--393
[]\T1/qtm/m/n/10 \spxentryneuronal_ids\spxextraColoring.ColorImages
 []


Underfull \hbox (badness 10000) in paragraph at lines 397--399
[]\T1/qtm/m/n/10 \spxentrynum_frames\spxextraColoring.ColorImages
 []


Overfull \hbox (39.11244pt too wide) in paragraph at lines 399--401
[]\T1/qtm/m/n/10 \spxentrynum_frames\spxextraDecodingAnalysis.DecodingModule
 []


Overfull \hbox (106.19241pt too wide) in paragraph at lines 401--403
[]\T1/qtm/m/n/10 \spxentrynum_imaging_files\spxextraExperimentHierarchy.Collect
edImagingFolder
 []


Overfull \hbox (92.85242pt too wide) in paragraph at lines 403--405
[]\T1/qtm/m/n/10 \spxentrynum_meta_files\spxextraExperimentHierarchy.CollectedI
magingFolder
 []


Underfull \hbox (badness 10000) in paragraph at lines 405--407
[]\T1/qtm/m/n/10 \spxentrynum_neurons\spxextraColoring.ColorImages
 []


Overfull \hbox (43.56244pt too wide) in paragraph at lines 407--409
[]\T1/qtm/m/n/10 \spxentrynum_neurons\spxextraDecodingAnalysis.DecodingModule
 []


Overfull \hbox (56.7824pt too wide) in paragraph at lines 409--411
[]\T1/qtm/m/n/10 \spxentrynum_stim\spxextraBurrowFearConditioning.FearCondition
ing
 []


Overfull \hbox (59.90237pt too wide) in paragraph at lines 411--413
[]\T1/qtm/m/n/10 \spxentrynum_trials\spxextraBurrowFearConditioning.FearConditi
oning
 []


Overfull \hbox (32.10242pt too wide) in paragraph at lines 413--415
[]\T1/qtm/m/n/10 \spxentrynum_trials\spxextraDecodingAnalysis.DecodingModule
 []


Underfull \hbox (badness 10000) in paragraph at lines 418--420
[]\T1/qtm/m/n/10 \spxentryoverlay_colorized_rois()\spxextrain mod-ule
 []


Underfull \hbox (badness 10000) in paragraph at lines 420--422
[]\T1/qtm/m/n/10 \spxentryoverlay_colorized_rois()\spxextrain mod-ule
 []


Underfull \hbox (badness 10000) in paragraph at lines 422--424
[]\T1/qtm/m/n/10 \spxentryoverlays\spxextraColoring.ColorImages prop-
 []


Overfull \hbox (45.45241pt too wide) in paragraph at lines 427--429
[]\T1/qtm/m/n/10 \spxentrypass_meta()\spxextraExperimentHierarchy.ExperimentDat
a
 []


Overfull \hbox (31.73242pt too wide) in paragraph at lines 429--431
[]\T1/qtm/m/n/10 \spxentrypath\spxextraExperimentHierarchy.CollectedDataFolder
 []


Underfull \hbox (badness 7888) in paragraph at lines 431--433
[]\T1/qtm/m/n/10 \spxentryPerformanceMetrics()\spxextrain mod-ule De-
 []


Overfull \hbox (54.51242pt too wide) in paragraph at lines 433--435
[]\T1/qtm/m/n/10 \spxentryplanes\spxextraExperimentHierarchy.CollectedImagingFo
lder
 []


Underfull \hbox (badness 10000) in paragraph at lines 435--437
[]\T1/qtm/m/n/10 \spxentryplot_burrow_coordinates()\spxextrain mod-ule
 []


Overfull \hbox (35.34242pt too wide) in paragraph at lines 449--451
[]\T1/qtm/m/n/10 \spxentryplotROCs()\spxextraDecodingAnalysis.DecodingModule
 []

[39]
Overfull \hbox (35.24246pt too wide) in paragraph at lines 455--457
[]\T1/qtm/m/n/10 \spxentrypredict()\spxextraLinearRegression.WienerFilterDecode
r
 []


Overfull \hbox (67.89244pt too wide) in paragraph at lines 457--459
[]\T1/qtm/m/n/10 \spxentrypredict()\spxextraLogisticRegression.LogisticRegressi
onDecoder
 []


Overfull \hbox (23.2524pt too wide) in paragraph at lines 459--461
[]\T1/qtm/m/n/10 \spxentrypreview_background()\spxextraColoring.ColorImages
 []


Underfull \hbox (badness 10000) in paragraph at lines 461--463
[]\T1/qtm/m/n/10 \spxentrypreview_color()\spxextraColoring.ColorImages
 []


Overfull \hbox (62.09242pt too wide) in paragraph at lines 463--465
[]\T1/qtm/m/n/10 \spxentryprintAssessment()\spxextraDecodingAnalysis.DecodingMo
dule
 []


Underfull \hbox (badness 10000) in paragraph at lines 467--469
[]\T1/qtm/m/n/10 \spxentrypruneTracesByNeuronalIndex()\spxextrain
 []


Overfull \hbox (52.11241pt too wide) in paragraph at lines 472--474
[]\T1/qtm/m/n/10 \spxentryrecord_mod()\spxextraExperimentHierarchy.ExperimentDa
ta
 []


Overfull \hbox (55.00241pt too wide) in paragraph at lines 474--476
[]\T1/qtm/m/n/10 \spxentryrecord_mod()\spxextraExperimentHierarchy.ExperimentSt
age
 []


Overfull \hbox (77.26242pt too wide) in paragraph at lines 476--478
[]\T1/qtm/m/n/10 \spxentryrecord_stage_mod()\spxextraExperimentHierarchy.Experi
mentData
 []


Overfull \hbox (50.81241pt too wide) in paragraph at lines 478--480
[]\T1/qtm/m/n/10 \spxentryreindex()\spxextraExperimentHierarchy.CollectedDataFo
lder
 []


Overfull \hbox (130.24243pt too wide) in paragraph at lines 482--484
[]\T1/qtm/m/n/10 \spxentryreorganize_bruker_files()\spxextraExperimentHierarchy
.CollectedImagingFolder
 []


Overfull \hbox (74.64233pt too wide) in paragraph at lines 491--493
[]\T1/qtm/m/n/10 \spxentrysave_experiments()\spxextraExperimentHierarchy.Experi
mentData
 []


Overfull \hbox (39.0124pt too wide) in paragraph at lines 500--502
[]\T1/qtm/m/n/10 \spxentrysaveModel()\spxextraDecodingAnalysis.DecodingModule
 []


Overfull \hbox (72.02243pt too wide) in paragraph at lines 502--504
[]\T1/qtm/m/n/10 \spxentryshuffle_trial_labels()\spxextraDecodingAnalysis.Decod
ingModule
 []


Overfull \hbox (47.58243pt too wide) in paragraph at lines 504--506
[]\T1/qtm/m/n/10 \spxentryshuffle_trials()\spxextraDecodingAnalysis.DecodingMod
ule
 []


Overfull \hbox (75.6124pt too wide) in paragraph at lines 506--508
[]\T1/qtm/m/n/10 \spxentryshuffleByTrialIndex()\spxextraDecodingAnalysis.Decodi
ngModule
 []


Overfull \hbox (95.7124pt too wide) in paragraph at lines 508--510
[]\T1/qtm/m/n/10 \spxentryshuffled_trials_by_group()\spxextraDecodingAnalysis.D
ecodingModule
 []


Overfull \hbox (72.06247pt too wide) in paragraph at lines 510--512
[]\T1/qtm/m/n/10 \spxentryshuffleEachNeuron()\spxextraDecodingAnalysis.Decoding
Module
 []


Overfull \hbox (51.82245pt too wide) in paragraph at lines 512--514
[]\T1/qtm/m/n/10 \spxentryshuffleFrames()\spxextraDecodingAnalysis.DecodingModu
le
 []


Overfull \hbox (49.04245pt too wide) in paragraph at lines 514--516
[]\T1/qtm/m/n/10 \spxentryshuffleLabels()\spxextraDecodingAnalysis.DecodingModu
le
 []


Overfull \hbox (52.9124pt too wide) in paragraph at lines 522--524
[]\T1/qtm/m/n/10 \spxentrysplit_by_trials()\spxextraDecodingAnalysis.DecodingMo
dule
 []


Overfull \hbox (31.89244pt too wide) in paragraph at lines 524--526
[]\T1/qtm/m/n/10 \spxentrysplitData()\spxextraDecodingAnalysis.DecodingModule
 []


Overfull \hbox (32.95241pt too wide) in paragraph at lines 526--528
[]\T1/qtm/m/n/10 \spxentrystage_id\spxextraExperimentHierarchy.ExperimentStage
 []


Overfull \hbox (38.8924pt too wide) in paragraph at lines 528--530
[]\T1/qtm/m/n/10 \spxentrystart_log()\spxextraExperimentHierarchy.ExperimentDat
a
 []


Overfull \hbox (62.73242pt too wide) in paragraph at lines 530--532
[]\T1/qtm/m/n/10 \spxentrystructural_report()\spxextraDecodingAnalysis.Decoding
Module
 []


Underfull \hbox (badness 6927) in paragraph at lines 541--543
[]\T1/qtm/m/n/10 \spxentrytotal_rois\spxextraColoring.ColorImages prop-
 []


Overfull \hbox (65.55237pt too wide) in paragraph at lines 543--545
[]\T1/qtm/m/n/10 \spxentrytrial_groups\spxextraBurrowFearConditioning.FearCondi
tioning
 []


Overfull \hbox (76.97238pt too wide) in paragraph at lines 547--549
[]\T1/qtm/m/n/10 \spxentrytrials_per_stim\spxextraBurrowFearConditioning.FearCo
nditioning
 []


Overfull \hbox (66.12239pt too wide) in paragraph at lines 552--554
[]\T1/qtm/m/n/10 \spxentryunique_stim\spxextraBurrowFearConditioning.FearCondit
ioning
 []


Overfull \hbox (125.7924pt too wide) in paragraph at lines 554--556
[]\T1/qtm/m/n/10 \spxentryupdate_all_folder_dictionaries()\spxextraExperimentHi
erarchy.ExperimentData
 []


Overfull \hbox (107.5724pt too wide) in paragraph at lines 556--558
[]\T1/qtm/m/n/10 \spxentryupdate_folder_dictionary()\spxextraExperimentHierarch
y.ExperimentStage
 []


Overfull \hbox (68.85245pt too wide) in paragraph at lines 563--565
[]\T1/qtm/m/n/10 \spxentryvalidate_data_sets()\spxextraDecodingAnalysis.Decodin
gModule
 []


Overfull \hbox (79.61241pt too wide) in paragraph at lines 565--567
[]\T1/qtm/m/n/10 \spxentryview_figure()\spxextraExperimentHierarchy.CollectedFi
guresFolder
 []


Overfull \hbox (51.74242pt too wide) in paragraph at lines 574--576
[]\T1/qtm/m/n/10 \spxentrywidth\spxextraExperimentHierarchy.CollectedImagingFol
der
 []


Underfull \hbox (badness 10000) in paragraph at lines 576--578
[]\T1/qtm/m/n/10 \spxentryWienerFilterDecoder\spxextraclass in Lin-ear-
 []

[40]
Underfull \hbox (badness 10000) in paragraph at lines 581--583
[]\T1/qtm/m/n/10 \spxentryxpix\spxextraColoring.ColorImages prop-erty,
 []


Underfull \hbox (badness 10000) in paragraph at lines 586--588
[]\T1/qtm/m/n/10 \spxentryypix\spxextraColoring.ColorImages prop-erty,
 []

[41

])
(C:/ProgramData\Anaconda3\envs\Calcium-Imaging-Analysis-Pipeline\auxil\in-vivo-
imaging-pipeline.aux)
Package rerunfilecheck Info: File `in-vivo-imaging-pipeline.out' has not change
d.
(rerunfilecheck)             Checksum: B60B63F49F19AF6C4822C61C461F8664;3674.
 ) 
Here is how much of TeX's memory you used:
 15777 strings out of 475385
 275794 string characters out of 2776908
 634076 words of memory out of 3000000
 36474 multiletter control sequences out of 15000+600000
 515143 words of font info for 68 fonts, out of 8000000 for 9000
 1142 hyphenation exceptions out of 8191
 70i,12n,76p,1725b,803s stack positions out of 10000i,1000n,20000p,200000b,80000s
{C:/Users/YUSTE/AppData/Local/Programs/MiKTeX/fonts/enc/dvips/tex-gyre/q-ec.e
nc}{C:/Users/YUSTE/AppData/Local/Programs/MiKTeX/fonts/enc/dvips/tex-gyre/q-ts1
.enc}<C:/Users/YUSTE/AppData/Local/Programs/MiKTeX/fonts/type1/public/amsfonts/
cm/cmsy10.pfb><C:/Users/YUSTE/AppData/Local/Programs/MiKTeX/fonts/type1/public/
tex-gyre/qhvb.pfb><C:/Users/YUSTE/AppData/Local/Programs/MiKTeX/fonts/type1/pub
lic/tex-gyre/qhvbi.pfb><C:/Users/YUSTE/AppData/Local/Programs/MiKTeX/fonts/type
1/public/tex-gyre/qhvr.pfb><C:/Users/YUSTE/AppData/Local/Programs/MiKTeX/fonts/
type1/public/tex-gyre/qtmb.pfb><C:/Users/YUSTE/AppData/Local/Programs/MiKTeX/fo
nts/type1/public/tex-gyre/qtmr.pfb><C:/Users/YUSTE/AppData/Local/Programs/MiKTe
X/fonts/type1/public/tex-gyre/qtmri.pfb><C:/Users/YUSTE/AppData/Local/Programs/
MiKTeX/fonts/type1/public/txfonts/t1xbtt.pfb><C:/Users/YUSTE/AppData/Local/Prog
rams/MiKTeX/fonts/type1/public/txfonts/t1xtt.pfb><C:/Users/YUSTE/AppData/Local/
Programs/MiKTeX/fonts/type1/public/txfonts/t1xtt.pfb>
Output written on C:/ProgramData\Anaconda3\envs\Calcium-Imaging-Analysis-Pipeli
ne\out\in-vivo-imaging-pipeline.pdf (45 pages, 367882 bytes).
PDF statistics:
 969 PDF objects out of 1000 (max. 8388607)
 304 named destinations out of 1000 (max. 500000)
 213 words of extra memory for PDF output out of 10000 (max. 10000000)

